[2026-02-28T00:41:05.089] [INFO] [22751] - current system: 
cpu: Apple M5
memory: 2.45GB free, 32GB total
system: Darwin 25.3.0, arm64

[2026-02-28T00:41:06.774] [INFO] [22751] - Sending request 'onInitialize'. []

[2026-02-28T00:41:06.780] [INFO] [22751] - Sending request 'aceProject/onUpdateCompletionSetting'. []

[2026-02-28T00:41:06.962] [INFO] [22751] - Indexing module 'phone', 1 of total 11 modules []

[2026-02-28T00:41:08.389] [INFO] [22751] - Indexing module 'basic', 2 of total 11 modules []

[2026-02-28T00:41:08.426] [INFO] [22751] - Indexing module 'tools', 3 of total 11 modules []

[2026-02-28T00:41:08.510] [INFO] [22751] - Indexing module 'my', 4 of total 11 modules []

[2026-02-28T00:41:08.536] [INFO] [22751] - Indexing module 'cardservice', 5 of total 11 modules []

[2026-02-28T00:41:08.559] [INFO] [22751] - Indexing module 'card', 6 of total 11 modules []

[2026-02-28T00:41:08.590] [INFO] [22751] - Indexing module 'cards_calendar', 7 of total 11 modules []

[2026-02-28T00:41:08.609] [INFO] [22751] - Indexing module 'cardgeneralcomponent', 8 of total 11 modules []

[2026-02-28T00:41:08.634] [INFO] [22751] - Indexing module 'image_cropper', 9 of total 11 modules []

[2026-02-28T00:41:08.674] [INFO] [22751] - Indexing module 'native_core', 10 of total 11 modules []

[2026-02-28T00:41:08.701] [INFO] [22751] - Indexing module 'hvigorFile', 11 of total 11 modules []

[2026-02-28T00:41:08.803] [INFO] [22751] - Received request 'onInitialize'. executeOnMainThreadForWorker took 0 ms. Current Memory usage: 0.86GB. []

[2026-02-28T00:41:08.803] [INFO] [22751] - sendNotification onModuleInitFinish []

[2026-02-28T00:41:08.804] [INFO] [22751] - lsp is onInitialized []

[2026-02-28T00:41:08.804] [INFO] [22751] - Received request 'aceProject/onUpdateCompletionSetting'. executeOnMainThreadForWorker took 0 ms. Current Memory usage: 0.86GB. []

[2026-02-28T00:41:36.781] [INFO] [22751] - Sending request 'aceProject/onAsyncDidOpen'. []

[2026-02-28T00:41:36.784] [INFO] [22751] - Received request 'aceProject/onAsyncDidOpen'. executeOnMainThreadForWorker took 0 ms. Current Memory usage: 0.86GB. []

[2026-02-28T00:41:41.783] [INFO] [22751] - Sending request 'aceProject/onAsyncHover'. []

[2026-02-28T00:41:41.784] [INFO] [22751] - Received request 'aceProject/onAsyncHover'. executeOnMainThreadForWorker took 0 ms. Current Memory usage: 0.86GB. []

[2026-02-28T00:41:41.785] [INFO] [22751] - Sending request 'aceProject/onAsyncHover'. []

[2026-02-28T00:41:41.786] [INFO] [22751] - Received request 'aceProject/onAsyncHover'. executeOnMainThreadForWorker took 0 ms. Current Memory usage: 0.86GB. []

[2026-02-28T00:41:41.787] [INFO] [22751] - Sending request 'aceProject/onAsyncHover'. []

[2026-02-28T00:41:41.787] [INFO] [22751] - Received request 'aceProject/onAsyncHover'. executeOnMainThreadForWorker took 0 ms. Current Memory usage: 0.86GB. []

[2026-02-28T00:41:41.789] [INFO] [22751] - Sending request 'aceProject/onAsyncHover'. []

[2026-02-28T00:41:41.789] [INFO] [22751] - Received request 'aceProject/onAsyncHover'. executeOnMainThreadForWorker took 0 ms. Current Memory usage: 0.86GB. []

[2026-02-28T00:41:41.790] [INFO] [22751] - Sending request 'aceProject/onAsyncHover'. []

[2026-02-28T00:41:41.790] [INFO] [22751] - Received request 'aceProject/onAsyncHover'. executeOnMainThreadForWorker took 0 ms. Current Memory usage: 0.86GB. []

[2026-02-28T00:41:41.791] [INFO] [22751] - Sending request 'aceProject/onAsyncHover'. []

[2026-02-28T00:41:41.791] [INFO] [22751] - Received request 'aceProject/onAsyncHover'. executeOnMainThreadForWorker took 0 ms. Current Memory usage: 0.86GB. []

[2026-02-28T00:41:41.792] [INFO] [22751] - Sending request 'aceProject/onAsyncHover'. []

[2026-02-28T00:41:41.792] [INFO] [22751] - Received request 'aceProject/onAsyncHover'. executeOnMainThreadForWorker took 0 ms. Current Memory usage: 0.86GB. []

[2026-02-28T00:41:41.792] [INFO] [22751] - Sending request 'aceProject/onAsyncHover'. []

[2026-02-28T00:41:41.793] [INFO] [22751] - Received request 'aceProject/onAsyncHover'. executeOnMainThreadForWorker took 0 ms. Current Memory usage: 0.86GB. []

[2026-02-28T00:41:41.793] [INFO] [22751] - Sending request 'aceProject/onAsyncDefinition'. []

[2026-02-28T00:41:41.794] [INFO] [22751] - Received request 'aceProject/onAsyncDefinition'. executeOnMainThreadForWorker took 0 ms. Current Memory usage: 0.86GB. []

[2026-02-28T00:41:41.795] [INFO] [22751] - Sending request 'aceProject/onAsyncDefinition'. []

[2026-02-28T00:41:41.795] [INFO] [22751] - Received request 'aceProject/onAsyncDefinition'. executeOnMainThreadForWorker took 0 ms. Current Memory usage: 0.86GB. []

[2026-02-28T00:41:41.796] [INFO] [22751] - Sending request 'aceProject/onAsyncDefinition'. []

[2026-02-28T00:41:41.797] [INFO] [22751] - Received request 'aceProject/onAsyncDefinition'. executeOnMainThreadForWorker took 1 ms. Current Memory usage: 0.86GB. []

[2026-02-28T00:41:41.797] [INFO] [22751] - Sending request 'aceProject/onAsyncDefinition'. []

[2026-02-28T00:41:41.798] [INFO] [22751] - Received request 'aceProject/onAsyncDefinition'. executeOnMainThreadForWorker took 0 ms. Current Memory usage: 0.86GB. []

[2026-02-28T00:41:41.798] [INFO] [22751] - Sending request 'aceProject/onAsyncDefinition'. []

[2026-02-28T00:41:41.798] [INFO] [22751] - Received request 'aceProject/onAsyncDefinition'. executeOnMainThreadForWorker took 0 ms. Current Memory usage: 0.86GB. []

[2026-02-28T00:41:41.799] [INFO] [22751] - Sending request 'aceProject/onAsyncDefinition'. []

[2026-02-28T00:41:41.799] [INFO] [22751] - Received request 'aceProject/onAsyncDefinition'. executeOnMainThreadForWorker took 0 ms. Current Memory usage: 0.86GB. []

[2026-02-28T00:41:41.799] [INFO] [22751] - Sending request 'aceProject/onAsyncDefinition'. []

[2026-02-28T00:41:41.800] [INFO] [22751] - Received request 'aceProject/onAsyncDefinition'. executeOnMainThreadForWorker took 0 ms. Current Memory usage: 0.86GB. []

[2026-02-28T00:41:41.800] [INFO] [22751] - Sending request 'aceProject/onAsyncDefinition'. []

[2026-02-28T00:41:41.800] [INFO] [22751] - Received request 'aceProject/onAsyncDefinition'. executeOnMainThreadForWorker took 0 ms. Current Memory usage: 0.86GB. []

[2026-02-28T00:41:41.801] [INFO] [22751] - Sending request 'aceProject/onAsyncCompletion'. []

[2026-02-28T00:41:41.882] [INFO] [22751] - Received request 'aceProject/onAsyncCompletion'. executeOnMainThreadForWorker took 0 ms. Current Memory usage: 0.86GB. []

[2026-02-28T00:41:41.884] [INFO] [22751] - Sending request 'aceProject/onAsyncCompletion'. []

[2026-02-28T00:41:41.914] [INFO] [22751] - Received request 'aceProject/onAsyncCompletion'. executeOnMainThreadForWorker took 0 ms. Current Memory usage: 0.86GB. []

[2026-02-28T01:00:19.011] [INFO] [24450] - current system: 
cpu: Apple M5
memory: 0.57GB free, 32GB total
system: Darwin 25.3.0, arm64

[2026-02-28T01:00:20.666] [INFO] [24450] - Sending request 'onInitialize'. []

[2026-02-28T01:00:20.673] [INFO] [24450] - Sending request 'aceProject/onUpdateCompletionSetting'. []

[2026-02-28T01:00:20.848] [INFO] [24450] - Indexing module 'phone', 1 of total 11 modules []

[2026-02-28T01:00:22.249] [INFO] [24450] - Indexing module 'basic', 2 of total 11 modules []

[2026-02-28T01:00:22.285] [INFO] [24450] - Indexing module 'tools', 3 of total 11 modules []

[2026-02-28T01:00:22.357] [INFO] [24450] - Indexing module 'my', 4 of total 11 modules []

[2026-02-28T01:00:22.385] [INFO] [24450] - Indexing module 'cardservice', 5 of total 11 modules []

[2026-02-28T01:00:22.408] [INFO] [24450] - Indexing module 'card', 6 of total 11 modules []

[2026-02-28T01:00:22.439] [INFO] [24450] - Indexing module 'cards_calendar', 7 of total 11 modules []

[2026-02-28T01:00:22.457] [INFO] [24450] - Indexing module 'cardgeneralcomponent', 8 of total 11 modules []

[2026-02-28T01:00:22.480] [INFO] [24450] - Indexing module 'image_cropper', 9 of total 11 modules []

[2026-02-28T01:00:22.521] [INFO] [24450] - Indexing module 'native_core', 10 of total 11 modules []

[2026-02-28T01:00:22.543] [INFO] [24450] - Indexing module 'hvigorFile', 11 of total 11 modules []

[2026-02-28T01:00:22.644] [INFO] [24450] - Received request 'onInitialize'. executeOnMainThreadForWorker took 0 ms. Current Memory usage: 0.83GB. []

[2026-02-28T01:00:22.644] [INFO] [24450] - sendNotification onModuleInitFinish []

[2026-02-28T01:00:22.645] [INFO] [24450] - lsp is onInitialized []

[2026-02-28T01:00:22.645] [INFO] [24450] - Received request 'aceProject/onUpdateCompletionSetting'. executeOnMainThreadForWorker took 0 ms. Current Memory usage: 0.83GB. []

[2026-02-28T01:00:50.675] [INFO] [24450] - Sending request 'aceProject/onAsyncDidOpen'. []

[2026-02-28T01:00:50.679] [INFO] [24450] - Received request 'aceProject/onAsyncDidOpen'. executeOnMainThreadForWorker took 0 ms. Current Memory usage: 0.84GB. []

[2026-02-28T01:00:55.676] [INFO] [24450] - Sending request 'aceProject/onAsyncHover'. []

[2026-02-28T01:00:55.678] [INFO] [24450] - Received request 'aceProject/onAsyncHover'. executeOnMainThreadForWorker took 0 ms. Current Memory usage: 0.84GB. []

[2026-02-28T01:00:55.679] [INFO] [24450] - Sending request 'aceProject/onAsyncHover'. []

[2026-02-28T01:00:55.680] [INFO] [24450] - Received request 'aceProject/onAsyncHover'. executeOnMainThreadForWorker took 0 ms. Current Memory usage: 0.84GB. []

[2026-02-28T01:00:55.681] [INFO] [24450] - Sending request 'aceProject/onAsyncHover'. []

[2026-02-28T01:00:55.681] [INFO] [24450] - Received request 'aceProject/onAsyncHover'. executeOnMainThreadForWorker took 0 ms. Current Memory usage: 0.84GB. []

[2026-02-28T01:00:55.682] [INFO] [24450] - Sending request 'aceProject/onAsyncHover'. []

[2026-02-28T01:00:55.682] [INFO] [24450] - Received request 'aceProject/onAsyncHover'. executeOnMainThreadForWorker took 0 ms. Current Memory usage: 0.84GB. []

[2026-02-28T01:00:55.683] [INFO] [24450] - Sending request 'aceProject/onAsyncHover'. []

[2026-02-28T01:00:55.683] [INFO] [24450] - Received request 'aceProject/onAsyncHover'. executeOnMainThreadForWorker took 0 ms. Current Memory usage: 0.84GB. []

[2026-02-28T01:00:55.684] [INFO] [24450] - Sending request 'aceProject/onAsyncHover'. []

[2026-02-28T01:00:55.684] [INFO] [24450] - Received request 'aceProject/onAsyncHover'. executeOnMainThreadForWorker took 0 ms. Current Memory usage: 0.84GB. []

[2026-02-28T01:00:55.685] [INFO] [24450] - Sending request 'aceProject/onAsyncHover'. []

[2026-02-28T01:00:55.685] [INFO] [24450] - Received request 'aceProject/onAsyncHover'. executeOnMainThreadForWorker took 0 ms. Current Memory usage: 0.84GB. []

[2026-02-28T01:00:55.685] [INFO] [24450] - Sending request 'aceProject/onAsyncHover'. []

[2026-02-28T01:00:55.686] [INFO] [24450] - Received request 'aceProject/onAsyncHover'. executeOnMainThreadForWorker took 0 ms. Current Memory usage: 0.84GB. []

[2026-02-28T01:00:55.686] [INFO] [24450] - Sending request 'aceProject/onAsyncDefinition'. []

[2026-02-28T01:00:55.687] [INFO] [24450] - Received request 'aceProject/onAsyncDefinition'. executeOnMainThreadForWorker took 0 ms. Current Memory usage: 0.84GB. []

[2026-02-28T01:00:55.687] [INFO] [24450] - Sending request 'aceProject/onAsyncDefinition'. []

[2026-02-28T01:00:55.688] [INFO] [24450] - Received request 'aceProject/onAsyncDefinition'. executeOnMainThreadForWorker took 0 ms. Current Memory usage: 0.84GB. []

[2026-02-28T01:00:55.688] [INFO] [24450] - Sending request 'aceProject/onAsyncDefinition'. []

[2026-02-28T01:00:55.689] [INFO] [24450] - Received request 'aceProject/onAsyncDefinition'. executeOnMainThreadForWorker took 0 ms. Current Memory usage: 0.84GB. []

[2026-02-28T01:00:55.689] [INFO] [24450] - Sending request 'aceProject/onAsyncDefinition'. []

[2026-02-28T01:00:55.689] [INFO] [24450] - Received request 'aceProject/onAsyncDefinition'. executeOnMainThreadForWorker took 0 ms. Current Memory usage: 0.84GB. []

[2026-02-28T01:00:55.690] [INFO] [24450] - Sending request 'aceProject/onAsyncDefinition'. []

[2026-02-28T01:00:55.690] [INFO] [24450] - Received request 'aceProject/onAsyncDefinition'. executeOnMainThreadForWorker took 0 ms. Current Memory usage: 0.84GB. []

[2026-02-28T01:00:55.690] [INFO] [24450] - Sending request 'aceProject/onAsyncDefinition'. []

[2026-02-28T01:00:55.691] [INFO] [24450] - Received request 'aceProject/onAsyncDefinition'. executeOnMainThreadForWorker took 0 ms. Current Memory usage: 0.84GB. []

[2026-02-28T01:00:55.691] [INFO] [24450] - Sending request 'aceProject/onAsyncDefinition'. []

[2026-02-28T01:00:55.691] [INFO] [24450] - Received request 'aceProject/onAsyncDefinition'. executeOnMainThreadForWorker took 0 ms. Current Memory usage: 0.84GB. []

[2026-02-28T01:00:55.691] [INFO] [24450] - Sending request 'aceProject/onAsyncDefinition'. []

[2026-02-28T01:00:55.692] [INFO] [24450] - Received request 'aceProject/onAsyncDefinition'. executeOnMainThreadForWorker took 0 ms. Current Memory usage: 0.84GB. []

[2026-02-28T01:00:55.692] [INFO] [24450] - Sending request 'aceProject/onAsyncCompletion'. []

[2026-02-28T01:00:55.778] [INFO] [24450] - Received request 'aceProject/onAsyncCompletion'. executeOnMainThreadForWorker took 0 ms. Current Memory usage: 0.84GB. []

[2026-02-28T01:00:55.780] [INFO] [24450] - Sending request 'aceProject/onAsyncCompletion'. []

[2026-02-28T01:00:55.812] [INFO] [24450] - Received request 'aceProject/onAsyncCompletion'. executeOnMainThreadForWorker took 0 ms. Current Memory usage: 0.84GB. []

[2026-02-28T01:07:21.031] [INFO] [25987] - current system: 
cpu: Apple M5
memory: 0.46GB free, 32GB total
system: Darwin 25.3.0, arm64

[2026-02-28T01:07:22.715] [INFO] [25987] - Sending request 'onInitialize'. []

[2026-02-28T01:07:22.900] [INFO] [25987] - Indexing module 'phone', 1 of total 11 modules []

[2026-02-28T01:07:24.340] [INFO] [25987] - Indexing module 'basic', 2 of total 11 modules []

[2026-02-28T01:07:24.374] [INFO] [25987] - Indexing module 'tools', 3 of total 11 modules []

[2026-02-28T01:07:24.446] [INFO] [25987] - Indexing module 'my', 4 of total 11 modules []

[2026-02-28T01:07:24.474] [INFO] [25987] - Indexing module 'cardservice', 5 of total 11 modules []

[2026-02-28T01:07:24.499] [INFO] [25987] - Indexing module 'card', 6 of total 11 modules []

[2026-02-28T01:07:24.528] [INFO] [25987] - Indexing module 'cards_calendar', 7 of total 11 modules []

[2026-02-28T01:07:24.548] [INFO] [25987] - Indexing module 'cardgeneralcomponent', 8 of total 11 modules []

[2026-02-28T01:07:24.571] [INFO] [25987] - Indexing module 'image_cropper', 9 of total 11 modules []

[2026-02-28T01:07:24.613] [INFO] [25987] - Indexing module 'native_core', 10 of total 11 modules []

[2026-02-28T01:07:24.637] [INFO] [25987] - Indexing module 'hvigorFile', 11 of total 11 modules []

[2026-02-28T01:07:24.741] [INFO] [25987] - Received request 'onInitialize'. executeOnMainThreadForWorker took 0 ms. Current Memory usage: 0.85GB. []

[2026-02-28T01:07:24.741] [INFO] [25987] - sendNotification onModuleInitFinish []

[2026-02-28T01:07:24.742] [INFO] [25987] - lsp is onInitialized []

[2026-02-28T01:07:52.721] [INFO] [25987] - Sending request 'aceProject/onAsyncDidOpen'. []

[2026-02-28T01:07:52.724] [INFO] [25987] - Received request 'aceProject/onAsyncDidOpen'. executeOnMainThreadForWorker took 1 ms. Current Memory usage: 0.85GB. []

[2026-02-28T01:07:55.722] [INFO] [25987] - Sending request 'aceProject/onAsyncHover'. []

[2026-02-28T01:07:55.724] [INFO] [25987] - Received request 'aceProject/onAsyncHover'. executeOnMainThreadForWorker took 0 ms. Current Memory usage: 0.85GB. []

[2026-02-28T01:08:00.727] [INFO] [25987] - Sending request 'aceProject/onAsyncHover'. []

[2026-02-28T01:08:00.728] [INFO] [25987] - Received request 'aceProject/onAsyncHover'. executeOnMainThreadForWorker took 0 ms. Current Memory usage: 0.85GB. []

[2026-02-28T01:08:10.730] [INFO] [25987] - Sending request 'aceProject/onAsyncHover'. []

[2026-02-28T01:08:10.731] [INFO] [25987] - Received request 'aceProject/onAsyncHover'. executeOnMainThreadForWorker took 1 ms. Current Memory usage: 0.85GB. []

[2026-02-28T01:08:11.232] [INFO] [25987] - Sending request 'aceProject/onAsyncDidOpen'. []

[2026-02-28T01:08:11.233] [INFO] [25987] - Received request 'aceProject/onAsyncDidOpen'. executeOnMainThreadForWorker took 0 ms. Current Memory usage: 0.85GB. []

[2026-02-28T01:08:16.234] [INFO] [25987] - Sending request 'aceProject/onAsyncHover'. []

[2026-02-28T01:08:16.235] [INFO] [25987] - Received request 'aceProject/onAsyncHover'. executeOnMainThreadForWorker took 0 ms. Current Memory usage: 0.85GB. []

[2026-02-28T01:08:16.236] [INFO] [25987] - Sending request 'aceProject/onAsyncCompletion'. []

[2026-02-28T01:08:16.314] [INFO] [25987] - Received request 'aceProject/onAsyncCompletion'. executeOnMainThreadForWorker took 0 ms. Current Memory usage: 0.85GB. []

[2026-02-28T01:08:16.315] [INFO] [25987] - Sending request 'aceProject/onAsyncDefinition'. []

[2026-02-28T01:08:16.315] [INFO] [25987] - Received request 'aceProject/onAsyncDefinition'. executeOnMainThreadForWorker took 0 ms. Current Memory usage: 0.85GB. []

[2026-02-28T01:12:38.054] [INFO] [26805] - current system: 
cpu: Apple M5
memory: 0.63GB free, 32GB total
system: Darwin 25.3.0, arm64

[2026-02-28T01:12:39.719] [INFO] [26805] - Sending request 'onInitialize'. []

[2026-02-28T01:12:39.887] [INFO] [26805] - Indexing module 'phone', 1 of total 11 modules []

[2026-02-28T01:12:41.357] [INFO] [26805] - Indexing module 'basic', 2 of total 11 modules []

[2026-02-28T01:12:41.392] [INFO] [26805] - Indexing module 'tools', 3 of total 11 modules []

[2026-02-28T01:12:41.464] [INFO] [26805] - Indexing module 'my', 4 of total 11 modules []

[2026-02-28T01:12:41.491] [INFO] [26805] - Indexing module 'cardservice', 5 of total 11 modules []

[2026-02-28T01:12:41.515] [INFO] [26805] - Indexing module 'card', 6 of total 11 modules []

[2026-02-28T01:12:41.545] [INFO] [26805] - Indexing module 'cards_calendar', 7 of total 11 modules []

[2026-02-28T01:12:41.566] [INFO] [26805] - Indexing module 'cardgeneralcomponent', 8 of total 11 modules []

[2026-02-28T01:12:41.590] [INFO] [26805] - Indexing module 'image_cropper', 9 of total 11 modules []

[2026-02-28T01:12:41.631] [INFO] [26805] - Indexing module 'native_core', 10 of total 11 modules []

[2026-02-28T01:12:41.653] [INFO] [26805] - Indexing module 'hvigorFile', 11 of total 11 modules []

[2026-02-28T01:12:41.754] [INFO] [26805] - Received request 'onInitialize'. executeOnMainThreadForWorker took 0 ms. Current Memory usage: 0.83GB. []

[2026-02-28T01:12:41.755] [INFO] [26805] - sendNotification onModuleInitFinish []

[2026-02-28T01:12:41.755] [INFO] [26805] - lsp is onInitialized []

[2026-02-28T01:13:09.722] [INFO] [26805] - Sending request 'aceProject/onAsyncDidOpen'. []

[2026-02-28T01:13:09.728] [INFO] [26805] - Received request 'aceProject/onAsyncDidOpen'. executeOnMainThreadForWorker took 0 ms. Current Memory usage: 0.83GB. []

[2026-02-28T01:13:12.732] [INFO] [26805] - Sending request 'aceProject/onAsyncHover'. []

[2026-02-28T01:13:12.733] [INFO] [26805] - Received request 'aceProject/onAsyncHover'. executeOnMainThreadForWorker took 0 ms. Current Memory usage: 0.83GB. []

[2026-02-28T01:13:12.734] [INFO] [26805] - Sending request 'aceProject/onAsyncHover'. []

[2026-02-28T01:13:12.735] [INFO] [26805] - Received request 'aceProject/onAsyncHover'. executeOnMainThreadForWorker took 0 ms. Current Memory usage: 0.83GB. []

[2026-02-28T01:17:02.712] [INFO] [27465] - current system: 
cpu: Apple M5
memory: 0.86GB free, 32GB total
system: Darwin 25.3.0, arm64

[2026-02-28T01:17:04.398] [INFO] [27465] - Sending request 'onInitialize'. []

[2026-02-28T01:17:04.577] [INFO] [27465] - Indexing module 'phone', 1 of total 11 modules []

[2026-02-28T01:17:05.985] [INFO] [27465] - Indexing module 'basic', 2 of total 11 modules []

[2026-02-28T01:17:06.060] [INFO] [27465] - Indexing module 'tools', 3 of total 11 modules []

[2026-02-28T01:17:06.141] [INFO] [27465] - Indexing module 'my', 4 of total 11 modules []

[2026-02-28T01:17:06.169] [INFO] [27465] - Indexing module 'cardservice', 5 of total 11 modules []

[2026-02-28T01:17:06.191] [INFO] [27465] - Indexing module 'card', 6 of total 11 modules []

[2026-02-28T01:17:06.223] [INFO] [27465] - Indexing module 'cards_calendar', 7 of total 11 modules []

[2026-02-28T01:17:06.242] [INFO] [27465] - Indexing module 'cardgeneralcomponent', 8 of total 11 modules []

[2026-02-28T01:17:06.266] [INFO] [27465] - Indexing module 'image_cropper', 9 of total 11 modules []

[2026-02-28T01:17:06.309] [INFO] [27465] - Indexing module 'native_core', 10 of total 11 modules []

[2026-02-28T01:17:06.332] [INFO] [27465] - Indexing module 'hvigorFile', 11 of total 11 modules []

[2026-02-28T01:17:06.435] [INFO] [27465] - Received request 'onInitialize'. executeOnMainThreadForWorker took 0 ms. Current Memory usage: 0.83GB. []

[2026-02-28T01:17:06.435] [INFO] [27465] - sendNotification onModuleInitFinish []

[2026-02-28T01:17:06.436] [INFO] [27465] - lsp is onInitialized []

[2026-02-28T01:17:34.403] [INFO] [27465] - Sending request 'aceProject/onAsyncDidOpen'. []

[2026-02-28T01:17:34.407] [INFO] [27465] - Received request 'aceProject/onAsyncDidOpen'. executeOnMainThreadForWorker took 1 ms. Current Memory usage: 0.84GB. []

[2026-02-28T01:17:37.411] [INFO] [27465] - Sending request 'aceProject/onAsyncHover'. []

[2026-02-28T01:17:37.412] [INFO] [27465] - Received request 'aceProject/onAsyncHover'. executeOnMainThreadForWorker took 0 ms. Current Memory usage: 0.84GB. []

[2026-02-28T01:17:37.414] [INFO] [27465] - Sending request 'aceProject/onAsyncHover'. []

[2026-02-28T01:17:37.414] [INFO] [27465] - Received request 'aceProject/onAsyncHover'. executeOnMainThreadForWorker took 0 ms. Current Memory usage: 0.84GB. []

[2026-02-28T01:17:37.415] [INFO] [27465] - Sending request 'aceProject/onAsyncHover'. []

[2026-02-28T01:17:37.415] [INFO] [27465] - Received request 'aceProject/onAsyncHover'. executeOnMainThreadForWorker took 0 ms. Current Memory usage: 0.84GB. []

[2026-02-28T01:19:42.944] [INFO] [27712] - current system: 
cpu: Apple M5
memory: 0.81GB free, 32GB total
system: Darwin 25.3.0, arm64

[2026-02-28T01:19:44.629] [INFO] [27712] - Sending request 'onInitialize'. []

[2026-02-28T01:19:44.810] [INFO] [27712] - Indexing module 'phone', 1 of total 11 modules []

[2026-02-28T01:19:46.227] [INFO] [27712] - Indexing module 'basic', 2 of total 11 modules []

[2026-02-28T01:19:46.259] [INFO] [27712] - Indexing module 'tools', 3 of total 11 modules []

[2026-02-28T01:19:46.328] [INFO] [27712] - Indexing module 'my', 4 of total 11 modules []

[2026-02-28T01:19:46.355] [INFO] [27712] - Indexing module 'cardservice', 5 of total 11 modules []

[2026-02-28T01:19:46.378] [INFO] [27712] - Indexing module 'card', 6 of total 11 modules []

[2026-02-28T01:19:46.409] [INFO] [27712] - Indexing module 'cards_calendar', 7 of total 11 modules []

[2026-02-28T01:19:46.429] [INFO] [27712] - Indexing module 'cardgeneralcomponent', 8 of total 11 modules []

[2026-02-28T01:19:46.451] [INFO] [27712] - Indexing module 'image_cropper', 9 of total 11 modules []

[2026-02-28T01:19:46.491] [INFO] [27712] - Indexing module 'native_core', 10 of total 11 modules []

[2026-02-28T01:19:46.515] [INFO] [27712] - Indexing module 'hvigorFile', 11 of total 11 modules []

[2026-02-28T01:19:46.613] [INFO] [27712] - Received request 'onInitialize'. executeOnMainThreadForWorker took 1 ms. Current Memory usage: 0.83GB. []

[2026-02-28T01:19:46.613] [INFO] [27712] - sendNotification onModuleInitFinish []

[2026-02-28T01:19:46.613] [INFO] [27712] - lsp is onInitialized []

[2026-02-28T01:20:14.635] [INFO] [27712] - Sending request 'aceProject/onAsyncDidOpen'. []

[2026-02-28T01:20:14.642] [INFO] [27712] - Received request 'aceProject/onAsyncDidOpen'. executeOnMainThreadForWorker took 0 ms. Current Memory usage: 0.83GB. []

[2026-02-28T01:20:17.645] [INFO] [27712] - Sending request 'aceProject/onAsyncHover'. []

[2026-02-28T01:20:17.647] [INFO] [27712] - Received request 'aceProject/onAsyncHover'. executeOnMainThreadForWorker took 0 ms. Current Memory usage: 0.83GB. []

[2026-02-28T01:20:17.649] [INFO] [27712] - Sending request 'aceProject/onAsyncHover'. []

[2026-02-28T01:20:17.649] [INFO] [27712] - Received request 'aceProject/onAsyncHover'. executeOnMainThreadForWorker took 0 ms. Current Memory usage: 0.83GB. []

[2026-02-28T01:22:22.843] [INFO] [27999] - current system: 
cpu: Apple M5
memory: 0.95GB free, 32GB total
system: Darwin 25.3.0, arm64

[2026-02-28T01:22:24.535] [INFO] [27999] - Sending request 'onInitialize'. []

[2026-02-28T01:22:24.768] [INFO] [27999] - Indexing module 'phone', 1 of total 11 modules []

[2026-02-28T01:22:26.302] [INFO] [27999] - Indexing module 'basic', 2 of total 11 modules []

[2026-02-28T01:22:26.336] [INFO] [27999] - Indexing module 'tools', 3 of total 11 modules []

[2026-02-28T01:22:26.412] [INFO] [27999] - Indexing module 'my', 4 of total 11 modules []

[2026-02-28T01:22:26.441] [INFO] [27999] - Indexing module 'cardservice', 5 of total 11 modules []

[2026-02-28T01:22:26.466] [INFO] [27999] - Indexing module 'card', 6 of total 11 modules []

[2026-02-28T01:22:26.497] [INFO] [27999] - Indexing module 'cards_calendar', 7 of total 11 modules []

[2026-02-28T01:22:26.517] [INFO] [27999] - Indexing module 'cardgeneralcomponent', 8 of total 11 modules []

[2026-02-28T01:22:26.541] [INFO] [27999] - Indexing module 'image_cropper', 9 of total 11 modules []

[2026-02-28T01:22:26.582] [INFO] [27999] - Indexing module 'native_core', 10 of total 11 modules []

[2026-02-28T01:22:26.604] [INFO] [27999] - Indexing module 'hvigorFile', 11 of total 11 modules []

[2026-02-28T01:22:26.706] [INFO] [27999] - Received request 'onInitialize'. executeOnMainThreadForWorker took 0 ms. Current Memory usage: 0.83GB. []

[2026-02-28T01:22:26.707] [INFO] [27999] - sendNotification onModuleInitFinish []

[2026-02-28T01:22:26.707] [INFO] [27999] - lsp is onInitialized []

[2026-02-28T01:22:54.540] [INFO] [27999] - Sending request 'aceProject/onAsyncDidOpen'. []

[2026-02-28T01:22:54.544] [INFO] [27999] - Received request 'aceProject/onAsyncDidOpen'. executeOnMainThreadForWorker took 0 ms. Current Memory usage: 0.83GB. []

[2026-02-28T01:22:57.547] [INFO] [27999] - Sending request 'aceProject/onAsyncHover'. []

[2026-02-28T01:22:57.549] [INFO] [27999] - Received request 'aceProject/onAsyncHover'. executeOnMainThreadForWorker took 0 ms. Current Memory usage: 0.83GB. []

[2026-02-28T01:22:57.551] [INFO] [27999] - Sending request 'aceProject/onAsyncHover'. []

[2026-02-28T01:22:57.551] [INFO] [27999] - Received request 'aceProject/onAsyncHover'. executeOnMainThreadForWorker took 0 ms. Current Memory usage: 0.83GB. []

[2026-02-28T01:27:16.651] [INFO] [28478] - current system: 
cpu: Apple M5
memory: 0.96GB free, 32GB total
system: Darwin 25.3.0, arm64

[2026-02-28T01:27:18.289] [INFO] [28478] - Sending request 'onInitialize'. []

[2026-02-28T01:27:18.468] [INFO] [28478] - Indexing module 'phone', 1 of total 11 modules []

[2026-02-28T01:27:20.469] [INFO] [28478] - Indexing module 'basic', 2 of total 11 modules []

[2026-02-28T01:27:20.520] [INFO] [28478] - Indexing module 'tools', 3 of total 11 modules []

[2026-02-28T01:27:20.601] [INFO] [28478] - Indexing module 'my', 4 of total 11 modules []

[2026-02-28T01:27:20.632] [INFO] [28478] - Indexing module 'cardservice', 5 of total 11 modules []

[2026-02-28T01:27:20.659] [INFO] [28478] - Indexing module 'card', 6 of total 11 modules []

[2026-02-28T01:27:20.694] [INFO] [28478] - Indexing module 'cards_calendar', 7 of total 11 modules []

[2026-02-28T01:27:20.718] [INFO] [28478] - Indexing module 'cardgeneralcomponent', 8 of total 11 modules []

[2026-02-28T01:27:20.747] [INFO] [28478] - Indexing module 'image_cropper', 9 of total 11 modules []

[2026-02-28T01:27:20.797] [INFO] [28478] - Indexing module 'native_core', 10 of total 11 modules []

[2026-02-28T01:27:20.822] [INFO] [28478] - Indexing module 'hvigorFile', 11 of total 11 modules []

[2026-02-28T01:27:20.934] [INFO] [28478] - Received request 'onInitialize'. executeOnMainThreadForWorker took 0 ms. Current Memory usage: 0.84GB. []

[2026-02-28T01:27:20.935] [INFO] [28478] - sendNotification onModuleInitFinish []

[2026-02-28T01:27:20.936] [INFO] [28478] - lsp is onInitialized []

[2026-02-28T01:27:48.291] [INFO] [28478] - Sending request 'aceProject/onAsyncDidOpen'. []

[2026-02-28T01:27:48.292] [INFO] [28478] - Received request 'aceProject/onAsyncDidOpen'. executeOnMainThreadForWorker took 0 ms. Current Memory usage: 0.84GB. []

[2026-02-28T01:27:51.294] [INFO] [28478] - Sending request 'aceProject/onAsyncHover'. []

[2026-02-28T01:27:51.295] [INFO] [28478] - Received request 'aceProject/onAsyncHover'. executeOnMainThreadForWorker took 0 ms. Current Memory usage: 0.84GB. []

[2026-02-28T01:39:26.889] [INFO] [31441] - current system: 
cpu: Apple M5
memory: 3.91GB free, 32GB total
system: Darwin 25.3.0, arm64

[2026-02-28T01:39:28.504] [INFO] [31441] - Sending request 'onInitialize'. []

[2026-02-28T01:39:28.742] [INFO] [31441] - Indexing module 'phone', 1 of total 11 modules []

[2026-02-28T01:39:30.299] [INFO] [31441] - Indexing module 'basic', 2 of total 11 modules []

[2026-02-28T01:39:30.334] [INFO] [31441] - Indexing module 'tools', 3 of total 11 modules []

[2026-02-28T01:39:30.412] [INFO] [31441] - Indexing module 'my', 4 of total 11 modules []

[2026-02-28T01:39:30.438] [INFO] [31441] - Indexing module 'cardservice', 5 of total 11 modules []

[2026-02-28T01:39:30.462] [INFO] [31441] - Indexing module 'card', 6 of total 11 modules []

[2026-02-28T01:39:30.492] [INFO] [31441] - Indexing module 'cards_calendar', 7 of total 11 modules []

[2026-02-28T01:39:30.512] [INFO] [31441] - Indexing module 'cardgeneralcomponent', 8 of total 11 modules []

[2026-02-28T01:39:30.534] [INFO] [31441] - Indexing module 'image_cropper', 9 of total 11 modules []

[2026-02-28T01:39:30.576] [INFO] [31441] - Indexing module 'native_core', 10 of total 11 modules []

[2026-02-28T01:39:30.598] [INFO] [31441] - Indexing module 'hvigorFile', 11 of total 11 modules []

[2026-02-28T01:39:30.701] [INFO] [31441] - Received request 'onInitialize'. executeOnMainThreadForWorker took 0 ms. Current Memory usage: 0.84GB. []

[2026-02-28T01:39:30.701] [INFO] [31441] - sendNotification onModuleInitFinish []

[2026-02-28T01:39:30.702] [INFO] [31441] - lsp is onInitialized []

[2026-02-28T01:39:58.507] [INFO] [31441] - Sending request 'aceProject/onAsyncDidOpen'. []

[2026-02-28T01:39:58.518] [INFO] [31441] - Received request 'aceProject/onAsyncDidOpen'. executeOnMainThreadForWorker took 0 ms. Current Memory usage: 0.84GB. []

[2026-02-28T01:39:58.870] [INFO] [31441] - Received request 'aceProject/onInlayHints'. executeOnMainThreadForWorker took 0 ms. Current Memory usage: 0.84GB. []

[2026-02-28T01:39:58.871] [INFO] [31441] - lsp server sendInlayHints, Index.ets []

[2026-02-28T01:39:58.872] [INFO] [31441] - Received request 'aceProject/doValidateDocument'. executeOnMainThreadForWorker took 0 ms. Current Memory usage: 0.84GB. []

[2026-02-28T01:39:58.873] [INFO] [31441] - lsp server sendDiagnostics by type: ArkTSLintClear, uri: Index.ets, diagnostics: [], memory usage: 0.84GB. []

[2026-02-28T01:39:58.943] [INFO] [31441] - Received request 'aceProject/doValidateDocument'. executeOnMainThreadForWorker took 0 ms. Current Memory usage: 0.84GB. []

[2026-02-28T01:39:58.943] [INFO] [31441] - lsp server sendDiagnostics by type: tsCheck, uri: Index.ets, diagnostics: [
    {
        "message": "'blurRadius' is declared but its value is never read.",
        "severity": 2
    }
], memory usage: 0.84GB. []

[2026-02-28T01:39:59.002] [INFO] [31441] - Received request 'aceProject/doValidateDocument'. executeOnMainThreadForWorker took 0 ms. Current Memory usage: 0.84GB. []

[2026-02-28T01:39:59.003] [INFO] [31441] - lsp server sendDiagnostics by type: etsLint, uri: Index.ets, diagnostics: [], memory usage: 0.84GB. []

[2026-02-28T01:39:59.037] [INFO] [31441] - Received request 'aceProject/doValidateDocument'. executeOnMainThreadForWorker took 0 ms. Current Memory usage: 0.84GB. []

[2026-02-28T01:39:59.037] [INFO] [31441] - lsp server sendDiagnostics by type: ArkTSLint, uri: Index.ets, diagnostics: [], memory usage: 0.84GB. []

[2026-02-28T01:40:01.522] [INFO] [31441] - Sending request 'aceProject/onAsyncHover'. []

[2026-02-28T01:40:01.533] [INFO] [31441] - Received request 'aceProject/onAsyncHover'. executeOnMainThreadForWorker took 0 ms. Current Memory usage: 0.84GB. []

[2026-02-28T01:40:01.535] [INFO] [31441] - Sending request 'aceProject/onAsyncHover'. []

[2026-02-28T01:40:01.538] [INFO] [31441] - Received request 'aceProject/onAsyncHover'. executeOnMainThreadForWorker took 0 ms. Current Memory usage: 0.84GB. []

[2026-02-28T01:40:01.539] [INFO] [31441] - Sending request 'aceProject/onAsyncHover'. []

[2026-02-28T01:40:01.540] [INFO] [31441] - Received request 'aceProject/onAsyncHover'. executeOnMainThreadForWorker took 0 ms. Current Memory usage: 0.84GB. []

[2026-02-28T01:40:01.541] [INFO] [31441] - Sending request 'aceProject/onAsyncHover'. []

[2026-02-28T01:40:01.542] [INFO] [31441] - Received request 'aceProject/onAsyncHover'. executeOnMainThreadForWorker took 0 ms. Current Memory usage: 0.84GB. []

[2026-02-28T01:40:01.543] [INFO] [31441] - Sending request 'aceProject/onAsyncDefinition'. []

[2026-02-28T01:40:01.545] [INFO] [31441] - Received request 'aceProject/onAsyncDefinition'. executeOnMainThreadForWorker took 0 ms. Current Memory usage: 0.84GB. []

[2026-02-28T01:40:01.545] [INFO] [31441] - Sending request 'aceProject/onAsyncCompletion'. []

[2026-02-28T01:40:01.630] [INFO] [31441] - Received request 'aceProject/onAsyncCompletion'. executeOnMainThreadForWorker took 0 ms. Current Memory usage: 0.84GB. []

[2026-02-28T11:38:37.482] [INFO] [7869] - current system: 
cpu: Apple M5
memory: 0.07GB free, 32GB total
system: Darwin 25.3.0, arm64

[2026-02-28T11:38:39.153] [INFO] [7869] - Sending request 'onInitialize'. []

[2026-02-28T11:38:39.398] [INFO] [7869] - Indexing module 'phone', 1 of total 11 modules []

[2026-02-28T11:38:41.011] [INFO] [7869] - Indexing module 'basic', 2 of total 11 modules []

[2026-02-28T11:38:41.045] [INFO] [7869] - Indexing module 'tools', 3 of total 11 modules []

[2026-02-28T11:38:41.120] [INFO] [7869] - Indexing module 'my', 4 of total 11 modules []

[2026-02-28T11:38:41.148] [INFO] [7869] - Indexing module 'cardservice', 5 of total 11 modules []

[2026-02-28T11:38:41.172] [INFO] [7869] - Indexing module 'card', 6 of total 11 modules []

[2026-02-28T11:38:41.202] [INFO] [7869] - Indexing module 'cards_calendar', 7 of total 11 modules []

[2026-02-28T11:38:41.221] [INFO] [7869] - Indexing module 'cardgeneralcomponent', 8 of total 11 modules []

[2026-02-28T11:38:41.244] [INFO] [7869] - Indexing module 'image_cropper', 9 of total 11 modules []

[2026-02-28T11:38:41.286] [INFO] [7869] - Indexing module 'native_core', 10 of total 11 modules []

[2026-02-28T11:38:41.309] [INFO] [7869] - Indexing module 'hvigorFile', 11 of total 11 modules []

[2026-02-28T11:38:41.416] [INFO] [7869] - Received request 'onInitialize'. executeOnMainThreadForWorker took 1 ms. Current Memory usage: 0.83GB. []

[2026-02-28T11:38:41.416] [INFO] [7869] - sendNotification onModuleInitFinish []

[2026-02-28T11:38:41.417] [INFO] [7869] - lsp is onInitialized []

[2026-02-28T11:39:09.157] [INFO] [7869] - Sending request 'aceProject/onAsyncDidOpen'. []

[2026-02-28T11:39:09.180] [INFO] [7869] - Received request 'aceProject/onAsyncDidOpen'. executeOnMainThreadForWorker took 0 ms. Current Memory usage: 0.83GB. []

[2026-02-28T11:39:09.534] [INFO] [7869] - Received request 'aceProject/onInlayHints'. executeOnMainThreadForWorker took 0 ms. Current Memory usage: 0.83GB. []

[2026-02-28T11:39:09.534] [INFO] [7869] - lsp server sendInlayHints, Index.ets []

[2026-02-28T11:39:09.536] [INFO] [7869] - Received request 'aceProject/doValidateDocument'. executeOnMainThreadForWorker took 0 ms. Current Memory usage: 0.83GB. []

[2026-02-28T11:39:09.537] [INFO] [7869] - lsp server sendDiagnostics by type: ArkTSLintClear, uri: Index.ets, diagnostics: [], memory usage: 0.83GB. []

[2026-02-28T11:39:09.602] [INFO] [7869] - Received request 'aceProject/doValidateDocument'. executeOnMainThreadForWorker took 0 ms. Current Memory usage: 0.83GB. []

[2026-02-28T11:39:09.602] [INFO] [7869] - lsp server sendDiagnostics by type: tsCheck, uri: Index.ets, diagnostics: [
    {
        "message": "'blurRadius' is declared but its value is never read.",
        "severity": 2
    }
], memory usage: 0.83GB. []

[2026-02-28T11:39:09.654] [INFO] [7869] - Received request 'aceProject/doValidateDocument'. executeOnMainThreadForWorker took 0 ms. Current Memory usage: 0.83GB. []

[2026-02-28T11:39:09.654] [INFO] [7869] - lsp server sendDiagnostics by type: etsLint, uri: Index.ets, diagnostics: [], memory usage: 0.83GB. []

[2026-02-28T11:39:09.685] [INFO] [7869] - Received request 'aceProject/doValidateDocument'. executeOnMainThreadForWorker took 0 ms. Current Memory usage: 0.83GB. []

[2026-02-28T11:39:09.685] [INFO] [7869] - lsp server sendDiagnostics by type: ArkTSLint, uri: Index.ets, diagnostics: [], memory usage: 0.83GB. []

[2026-02-28T11:39:14.185] [INFO] [7869] - Sending request 'aceProject/onAsyncHover'. []

[2026-02-28T11:39:14.195] [INFO] [7869] - Received request 'aceProject/onAsyncHover'. executeOnMainThreadForWorker took 0 ms. Current Memory usage: 0.83GB. []

[2026-02-28T11:39:14.197] [INFO] [7869] - Sending request 'aceProject/onAsyncHover'. []

[2026-02-28T11:39:14.200] [INFO] [7869] - Received request 'aceProject/onAsyncHover'. executeOnMainThreadForWorker took 0 ms. Current Memory usage: 0.83GB. []

[2026-02-28T11:39:14.201] [INFO] [7869] - Sending request 'aceProject/onAsyncDefinition'. []

[2026-02-28T11:39:14.205] [INFO] [7869] - Received request 'aceProject/onAsyncDefinition'. executeOnMainThreadForWorker took 0 ms. Current Memory usage: 0.83GB. []

[2026-02-28T11:39:14.206] [INFO] [7869] - Sending request 'aceProject/onAsyncCompletion'. []

[2026-02-28T11:39:14.317] [INFO] [7869] - Received request 'aceProject/onAsyncCompletion'. executeOnMainThreadForWorker took 0 ms. Current Memory usage: 0.83GB. []

[2026-02-28T11:39:14.322] [INFO] [7869] - Sending request 'aceProject/onAsyncCompletion'. []

[2026-02-28T11:39:14.375] [INFO] [7869] - Received request 'aceProject/onAsyncCompletion'. executeOnMainThreadForWorker took 0 ms. Current Memory usage: 0.83GB. []

[2026-02-28T12:00:38.757] [INFO] [14072] - current system: 
cpu: Apple M5
memory: 0.07GB free, 32GB total
system: Darwin 25.3.0, arm64

[2026-02-28T12:00:40.418] [INFO] [14072] - Sending request 'onInitialize'. []

[2026-02-28T12:00:40.655] [INFO] [14072] - Indexing module 'phone', 1 of total 11 modules []

[2026-02-28T12:00:42.322] [INFO] [14072] - Indexing module 'basic', 2 of total 11 modules []

[2026-02-28T12:00:42.370] [INFO] [14072] - Indexing module 'tools', 3 of total 11 modules []

[2026-02-28T12:00:42.468] [INFO] [14072] - Indexing module 'my', 4 of total 11 modules []

[2026-02-28T12:00:42.503] [INFO] [14072] - Indexing module 'cardservice', 5 of total 11 modules []

[2026-02-28T12:00:42.535] [INFO] [14072] - Indexing module 'card', 6 of total 11 modules []

[2026-02-28T12:00:42.574] [INFO] [14072] - Indexing module 'cards_calendar', 7 of total 11 modules []

[2026-02-28T12:00:42.598] [INFO] [14072] - Indexing module 'cardgeneralcomponent', 8 of total 11 modules []

[2026-02-28T12:00:42.626] [INFO] [14072] - Indexing module 'image_cropper', 9 of total 11 modules []

[2026-02-28T12:00:42.673] [INFO] [14072] - Indexing module 'native_core', 10 of total 11 modules []

[2026-02-28T12:00:42.700] [INFO] [14072] - Indexing module 'hvigorFile', 11 of total 11 modules []

[2026-02-28T12:00:42.817] [INFO] [14072] - Received request 'onInitialize'. executeOnMainThreadForWorker took 0 ms. Current Memory usage: 0.85GB. []

[2026-02-28T12:00:42.817] [INFO] [14072] - sendNotification onModuleInitFinish []

[2026-02-28T12:00:42.818] [INFO] [14072] - lsp is onInitialized []

[2026-02-28T12:01:02.826] [INFO] [14433] - current system: 
cpu: Apple M5
memory: 0.83GB free, 32GB total
system: Darwin 25.3.0, arm64

[2026-02-28T12:01:04.487] [INFO] [14433] - Sending request 'onInitialize'. []

[2026-02-28T12:01:04.733] [INFO] [14433] - Indexing module 'phone', 1 of total 11 modules []

[2026-02-28T12:01:06.391] [INFO] [14433] - Indexing module 'basic', 2 of total 11 modules []

[2026-02-28T12:01:06.426] [INFO] [14433] - Indexing module 'tools', 3 of total 11 modules []

[2026-02-28T12:01:06.503] [INFO] [14433] - Indexing module 'my', 4 of total 11 modules []

[2026-02-28T12:01:06.534] [INFO] [14433] - Indexing module 'cardservice', 5 of total 11 modules []

[2026-02-28T12:01:06.562] [INFO] [14433] - Indexing module 'card', 6 of total 11 modules []

[2026-02-28T12:01:06.599] [INFO] [14433] - Indexing module 'cards_calendar', 7 of total 11 modules []

[2026-02-28T12:01:06.622] [INFO] [14433] - Indexing module 'cardgeneralcomponent', 8 of total 11 modules []

[2026-02-28T12:01:06.648] [INFO] [14433] - Indexing module 'image_cropper', 9 of total 11 modules []

[2026-02-28T12:01:06.694] [INFO] [14433] - Indexing module 'native_core', 10 of total 11 modules []

[2026-02-28T12:01:06.716] [INFO] [14433] - Indexing module 'hvigorFile', 11 of total 11 modules []

[2026-02-28T12:01:06.826] [INFO] [14433] - Received request 'onInitialize'. executeOnMainThreadForWorker took 0 ms. Current Memory usage: 0.83GB. []

[2026-02-28T12:01:06.826] [INFO] [14433] - sendNotification onModuleInitFinish []

[2026-02-28T12:01:06.827] [INFO] [14433] - lsp is onInitialized []

[2026-02-28T12:01:16.771] [INFO] [14591] - current system: 
cpu: Apple M5
memory: 0.08GB free, 32GB total
system: Darwin 25.3.0, arm64

[2026-02-28T12:01:18.405] [INFO] [14591] - Sending request 'onInitialize'. []

[2026-02-28T12:01:18.668] [INFO] [14591] - Indexing module 'phone', 1 of total 11 modules []

[2026-02-28T12:01:20.427] [INFO] [14591] - Indexing module 'basic', 2 of total 11 modules []

[2026-02-28T12:01:20.462] [INFO] [14591] - Indexing module 'tools', 3 of total 11 modules []

[2026-02-28T12:01:20.536] [INFO] [14591] - Indexing module 'my', 4 of total 11 modules []

[2026-02-28T12:01:20.565] [INFO] [14591] - Indexing module 'cardservice', 5 of total 11 modules []

[2026-02-28T12:01:20.589] [INFO] [14591] - Indexing module 'card', 6 of total 11 modules []

[2026-02-28T12:01:20.619] [INFO] [14591] - Indexing module 'cards_calendar', 7 of total 11 modules []

[2026-02-28T12:01:20.640] [INFO] [14591] - Indexing module 'cardgeneralcomponent', 8 of total 11 modules []

[2026-02-28T12:01:20.665] [INFO] [14591] - Indexing module 'image_cropper', 9 of total 11 modules []

[2026-02-28T12:01:20.705] [INFO] [14591] - Indexing module 'native_core', 10 of total 11 modules []

[2026-02-28T12:01:20.728] [INFO] [14591] - Indexing module 'hvigorFile', 11 of total 11 modules []

[2026-02-28T12:01:20.850] [INFO] [14591] - Received request 'onInitialize'. executeOnMainThreadForWorker took 0 ms. Current Memory usage: 0.84GB. []

[2026-02-28T12:01:20.850] [INFO] [14591] - sendNotification onModuleInitFinish []

[2026-02-28T12:01:20.852] [INFO] [14591] - lsp is onInitialized []

[2026-02-28T12:01:34.491] [INFO] [14433] - Sending request 'aceProject/onAsyncDidOpen'. []

[2026-02-28T12:01:34.506] [INFO] [14433] - Received request 'aceProject/onAsyncDidOpen'. executeOnMainThreadForWorker took 0 ms. Current Memory usage: 0.84GB. []

[2026-02-28T12:01:34.858] [INFO] [14433] - Received request 'aceProject/onInlayHints'. executeOnMainThreadForWorker took 0 ms. Current Memory usage: 0.84GB. []

[2026-02-28T12:01:34.858] [INFO] [14433] - lsp server sendInlayHints, Index.ets []

[2026-02-28T12:01:34.859] [INFO] [14433] - Received request 'aceProject/doValidateDocument'. executeOnMainThreadForWorker took 0 ms. Current Memory usage: 0.84GB. []

[2026-02-28T12:01:34.859] [INFO] [14433] - lsp server sendDiagnostics by type: ArkTSLintClear, uri: Index.ets, diagnostics: [], memory usage: 0.84GB. []

[2026-02-28T12:01:34.912] [INFO] [14433] - Received request 'aceProject/doValidateDocument'. executeOnMainThreadForWorker took 0 ms. Current Memory usage: 0.84GB. []

[2026-02-28T12:01:34.913] [INFO] [14433] - lsp server sendDiagnostics by type: tsCheck, uri: Index.ets, diagnostics: [
    {
        "message": "'blurRadius' is declared but its value is never read.",
        "severity": 2
    }
], memory usage: 0.84GB. []

[2026-02-28T12:01:34.966] [INFO] [14433] - Received request 'aceProject/doValidateDocument'. executeOnMainThreadForWorker took 0 ms. Current Memory usage: 0.84GB. []

[2026-02-28T12:01:34.966] [INFO] [14433] - lsp server sendDiagnostics by type: etsLint, uri: Index.ets, diagnostics: [], memory usage: 0.84GB. []

[2026-02-28T12:01:35.000] [INFO] [14433] - Received request 'aceProject/doValidateDocument'. executeOnMainThreadForWorker took 0 ms. Current Memory usage: 0.84GB. []

[2026-02-28T12:01:35.000] [INFO] [14433] - lsp server sendDiagnostics by type: ArkTSLint, uri: Index.ets, diagnostics: [], memory usage: 0.84GB. []

[2026-02-28T12:01:42.509] [INFO] [14433] - Sending request 'aceProject/onAsyncCompletion'. []

[2026-02-28T12:01:42.650] [INFO] [14433] - Received request 'aceProject/onAsyncCompletion'. executeOnMainThreadForWorker took 1 ms. Current Memory usage: 0.84GB. []

[2026-02-28T12:01:42.651] [INFO] [14433] - Sending request 'aceProject/onAsyncCompletion'. []

[2026-02-28T12:01:42.703] [INFO] [14433] - Received request 'aceProject/onAsyncCompletion'. executeOnMainThreadForWorker took 0 ms. Current Memory usage: 0.84GB. []

[2026-02-28T12:01:42.706] [INFO] [14433] - Sending request 'aceProject/onAsyncCompletion'. []

[2026-02-28T12:01:42.730] [INFO] [14433] - Received request 'aceProject/onAsyncCompletion'. executeOnMainThreadForWorker took 0 ms. Current Memory usage: 0.84GB. []

[2026-02-28T12:01:48.411] [INFO] [14591] - Sending request 'aceProject/onAsyncDidOpen'. []

[2026-02-28T12:01:48.438] [INFO] [14591] - Received request 'aceProject/onAsyncDidOpen'. executeOnMainThreadForWorker took 0 ms. Current Memory usage: 0.84GB. []

[2026-02-28T12:01:48.791] [INFO] [14591] - Received request 'aceProject/onInlayHints'. executeOnMainThreadForWorker took 0 ms. Current Memory usage: 0.84GB. []

[2026-02-28T12:01:48.791] [INFO] [14591] - lsp server sendInlayHints, Index.ets []

[2026-02-28T12:01:48.792] [INFO] [14591] - Received request 'aceProject/doValidateDocument'. executeOnMainThreadForWorker took 0 ms. Current Memory usage: 0.84GB. []

[2026-02-28T12:01:48.793] [INFO] [14591] - lsp server sendDiagnostics by type: ArkTSLintClear, uri: Index.ets, diagnostics: [], memory usage: 0.84GB. []

[2026-02-28T12:01:48.882] [INFO] [14591] - Received request 'aceProject/doValidateDocument'. executeOnMainThreadForWorker took 0 ms. Current Memory usage: 0.84GB. []

[2026-02-28T12:01:48.882] [INFO] [14591] - lsp server sendDiagnostics by type: tsCheck, uri: Index.ets, diagnostics: [
    {
        "message": "'blurRadius' is declared but its value is never read.",
        "severity": 2
    }
], memory usage: 0.84GB. []

[2026-02-28T12:01:48.957] [INFO] [14591] - Received request 'aceProject/doValidateDocument'. executeOnMainThreadForWorker took 0 ms. Current Memory usage: 0.84GB. []

[2026-02-28T12:01:48.957] [INFO] [14591] - lsp server sendDiagnostics by type: etsLint, uri: Index.ets, diagnostics: [], memory usage: 0.84GB. []

[2026-02-28T12:01:48.996] [INFO] [14591] - Received request 'aceProject/doValidateDocument'. executeOnMainThreadForWorker took 0 ms. Current Memory usage: 0.84GB. []

[2026-02-28T12:01:48.997] [INFO] [14591] - lsp server sendDiagnostics by type: ArkTSLint, uri: Index.ets, diagnostics: [], memory usage: 0.84GB. []

[2026-02-28T12:01:56.441] [INFO] [14591] - Sending request 'aceProject/onAsyncCompletion'. []

[2026-02-28T12:01:56.571] [INFO] [14591] - Received request 'aceProject/onAsyncCompletion'. executeOnMainThreadForWorker took 0 ms. Current Memory usage: 0.84GB. []

[2026-02-28T12:01:56.572] [INFO] [14591] - Sending request 'aceProject/onAsyncCompletion'. []

[2026-02-28T12:01:56.625] [INFO] [14591] - Received request 'aceProject/onAsyncCompletion'. executeOnMainThreadForWorker took 0 ms. Current Memory usage: 0.84GB. []

[2026-02-28T12:01:56.629] [INFO] [14591] - Sending request 'aceProject/onAsyncCompletion'. []

[2026-02-28T12:01:56.655] [INFO] [14591] - Received request 'aceProject/onAsyncCompletion'. executeOnMainThreadForWorker took 0 ms. Current Memory usage: 0.84GB. []

[2026-02-28T12:03:48.999] [INFO] [15101] - current system: 
cpu: Apple M5
memory: 0.47GB free, 32GB total
system: Darwin 25.3.0, arm64

[2026-02-28T12:03:50.621] [INFO] [15101] - Sending request 'onInitialize'. []

[2026-02-28T12:03:50.856] [INFO] [15101] - Indexing module 'phone', 1 of total 11 modules []

[2026-02-28T12:03:52.553] [INFO] [15101] - Indexing module 'basic', 2 of total 11 modules []

[2026-02-28T12:03:52.588] [INFO] [15101] - Indexing module 'tools', 3 of total 11 modules []

[2026-02-28T12:03:52.663] [INFO] [15101] - Indexing module 'my', 4 of total 11 modules []

[2026-02-28T12:03:52.690] [INFO] [15101] - Indexing module 'cardservice', 5 of total 11 modules []

[2026-02-28T12:03:52.717] [INFO] [15101] - Indexing module 'card', 6 of total 11 modules []

[2026-02-28T12:03:52.747] [INFO] [15101] - Indexing module 'cards_calendar', 7 of total 11 modules []

[2026-02-28T12:03:52.768] [INFO] [15101] - Indexing module 'cardgeneralcomponent', 8 of total 11 modules []

[2026-02-28T12:03:52.791] [INFO] [15101] - Indexing module 'image_cropper', 9 of total 11 modules []

[2026-02-28T12:03:52.832] [INFO] [15101] - Indexing module 'native_core', 10 of total 11 modules []

[2026-02-28T12:03:52.855] [INFO] [15101] - Indexing module 'hvigorFile', 11 of total 11 modules []

[2026-02-28T12:03:52.965] [INFO] [15101] - Received request 'onInitialize'. executeOnMainThreadForWorker took 0 ms. Current Memory usage: 0.84GB. []

[2026-02-28T12:03:52.965] [INFO] [15101] - sendNotification onModuleInitFinish []

[2026-02-28T12:03:52.966] [INFO] [15101] - lsp is onInitialized []

[2026-02-28T12:04:20.623] [INFO] [15101] - Sending request 'aceProject/onAsyncDidOpen'. []

[2026-02-28T12:04:20.640] [INFO] [15101] - Received request 'aceProject/onAsyncDidOpen'. executeOnMainThreadForWorker took 1 ms. Current Memory usage: 0.85GB. []

[2026-02-28T12:04:20.994] [INFO] [15101] - Received request 'aceProject/onInlayHints'. executeOnMainThreadForWorker took 0 ms. Current Memory usage: 0.85GB. []

[2026-02-28T12:04:20.994] [INFO] [15101] - lsp server sendInlayHints, Index.ets []

[2026-02-28T12:04:20.997] [INFO] [15101] - Received request 'aceProject/doValidateDocument'. executeOnMainThreadForWorker took 1 ms. Current Memory usage: 0.85GB. []

[2026-02-28T12:04:20.997] [INFO] [15101] - lsp server sendDiagnostics by type: ArkTSLintClear, uri: Index.ets, diagnostics: [], memory usage: 0.85GB. []

[2026-02-28T12:04:21.076] [INFO] [15101] - Received request 'aceProject/doValidateDocument'. executeOnMainThreadForWorker took 0 ms. Current Memory usage: 0.85GB. []

[2026-02-28T12:04:21.076] [INFO] [15101] - lsp server sendDiagnostics by type: tsCheck, uri: Index.ets, diagnostics: [
    {
        "message": "'blurRadius' is declared but its value is never read.",
        "severity": 2
    }
], memory usage: 0.85GB. []

[2026-02-28T12:04:21.125] [INFO] [15101] - Received request 'aceProject/doValidateDocument'. executeOnMainThreadForWorker took 0 ms. Current Memory usage: 0.85GB. []

[2026-02-28T12:04:21.125] [INFO] [15101] - lsp server sendDiagnostics by type: etsLint, uri: Index.ets, diagnostics: [], memory usage: 0.85GB. []

[2026-02-28T12:04:21.156] [INFO] [15101] - Received request 'aceProject/doValidateDocument'. executeOnMainThreadForWorker took 0 ms. Current Memory usage: 0.85GB. []

[2026-02-28T12:04:21.156] [INFO] [15101] - lsp server sendDiagnostics by type: ArkTSLint, uri: Index.ets, diagnostics: [], memory usage: 0.85GB. []

[2026-02-28T12:04:23.642] [INFO] [15101] - Sending request 'aceProject/onAsyncCompletion'. []

[2026-02-28T12:04:23.783] [INFO] [15101] - Received request 'aceProject/onAsyncCompletion'. executeOnMainThreadForWorker took 0 ms. Current Memory usage: 0.85GB. []

[2026-02-28T12:04:23.785] [INFO] [15101] - Sending request 'aceProject/onAsyncCompletion'. []

[2026-02-28T12:04:23.811] [INFO] [15101] - Received request 'aceProject/onAsyncCompletion'. executeOnMainThreadForWorker took 0 ms. Current Memory usage: 0.85GB. []

[2026-02-28T12:04:23.812] [INFO] [15101] - Sending request 'aceProject/onAsyncCompletion'. []

[2026-02-28T12:04:23.825] [INFO] [15101] - Received request 'aceProject/onAsyncCompletion'. executeOnMainThreadForWorker took 0 ms. Current Memory usage: 0.85GB. []

[2026-02-28T12:04:23.826] [INFO] [15101] - Sending request 'aceProject/onAsyncDidChange'. []

[2026-02-28T12:04:23.831] [INFO] [15101] - Received request 'aceProject/onAsyncDidChange'. executeOnMainThreadForWorker took 0 ms. Current Memory usage: 0.85GB. []

[2026-02-28T12:04:24.184] [INFO] [15101] - Received request 'aceProject/onInlayHints'. executeOnMainThreadForWorker took 0 ms. Current Memory usage: 0.85GB. []

[2026-02-28T12:04:24.184] [INFO] [15101] - lsp server sendInlayHints, Index.ets []

[2026-02-28T12:04:24.184] [INFO] [15101] - Received request 'aceProject/doValidateDocument'. executeOnMainThreadForWorker took 0 ms. Current Memory usage: 0.85GB. []

[2026-02-28T12:04:24.185] [INFO] [15101] - lsp server sendDiagnostics by type: ArkTSLintClear, uri: Index.ets, diagnostics: [], memory usage: 0.85GB. []

[2026-02-28T12:04:24.232] [INFO] [15101] - Received request 'aceProject/doValidateDocument'. executeOnMainThreadForWorker took 0 ms. Current Memory usage: 0.85GB. []

[2026-02-28T12:04:24.232] [INFO] [15101] - lsp server sendDiagnostics by type: tsCheck, uri: Index.ets, diagnostics: [
    {
        "message": "Identifier expected.",
        "severity": 1
    },
    {
        "message": "'blurRadius' is declared but its value is never read.",
        "severity": 2
    }
], memory usage: 0.85GB. []

[2026-02-28T12:04:24.239] [INFO] [15101] - Received request 'aceProject/doValidateDocument'. executeOnMainThreadForWorker took 0 ms. Current Memory usage: 0.85GB. []

[2026-02-28T12:04:24.240] [INFO] [15101] - lsp server sendDiagnostics by type: etsLint, uri: Index.ets, diagnostics: [], memory usage: 0.85GB. []

[2026-02-28T12:04:24.269] [INFO] [15101] - Received request 'aceProject/doValidateDocument'. executeOnMainThreadForWorker took 0 ms. Current Memory usage: 0.85GB. []

[2026-02-28T12:04:24.269] [INFO] [15101] - lsp server sendDiagnostics by type: ArkTSLint, uri: Index.ets, diagnostics: [], memory usage: 0.85GB. []

[2026-02-28T12:04:25.828] [INFO] [15101] - Sending request 'aceProject/onAsyncCompletion'. []

[2026-02-28T12:04:25.902] [INFO] [15101] - Received request 'aceProject/onAsyncCompletion'. executeOnMainThreadForWorker took 0 ms. Current Memory usage: 0.85GB. []

[2026-02-28T12:04:25.903] [INFO] [15101] - Sending request 'aceProject/onAsyncDidChange'. []

[2026-02-28T12:04:25.908] [INFO] [15101] - Received request 'aceProject/onAsyncDidChange'. executeOnMainThreadForWorker took 0 ms. Current Memory usage: 0.85GB. []

[2026-02-28T12:04:26.262] [INFO] [15101] - Received request 'aceProject/onInlayHints'. executeOnMainThreadForWorker took 0 ms. Current Memory usage: 0.85GB. []

[2026-02-28T12:04:26.262] [INFO] [15101] - lsp server sendInlayHints, Index.ets []

[2026-02-28T12:04:26.263] [INFO] [15101] - Received request 'aceProject/doValidateDocument'. executeOnMainThreadForWorker took 1 ms. Current Memory usage: 0.85GB. []

[2026-02-28T12:04:26.263] [INFO] [15101] - lsp server sendDiagnostics by type: ArkTSLintClear, uri: Index.ets, diagnostics: [], memory usage: 0.85GB. []

[2026-02-28T12:04:26.309] [INFO] [15101] - Received request 'aceProject/doValidateDocument'. executeOnMainThreadForWorker took 0 ms. Current Memory usage: 0.85GB. []

[2026-02-28T12:04:26.310] [INFO] [15101] - lsp server sendDiagnostics by type: tsCheck, uri: Index.ets, diagnostics: [
    {
        "message": "Identifier expected.",
        "severity": 1
    },
    {
        "message": "'blurRadius' is declared but its value is never read.",
        "severity": 2
    }
], memory usage: 0.85GB. []

[2026-02-28T12:04:26.310] [INFO] [15101] - Received request 'aceProject/doValidateDocument'. executeOnMainThreadForWorker took 0 ms. Current Memory usage: 0.85GB. []

[2026-02-28T12:04:26.310] [INFO] [15101] - lsp server sendDiagnostics by type: etsLint, uri: Index.ets, diagnostics: [], memory usage: 0.85GB. []

[2026-02-28T12:04:26.340] [INFO] [15101] - Received request 'aceProject/doValidateDocument'. executeOnMainThreadForWorker took 0 ms. Current Memory usage: 0.85GB. []

[2026-02-28T12:04:26.340] [INFO] [15101] - lsp server sendDiagnostics by type: ArkTSLint, uri: Index.ets, diagnostics: [], memory usage: 0.85GB. []

[2026-02-28T14:14:20.592] [INFO] [19705] - current system: 
cpu: Apple M5
memory: 0.07GB free, 32GB total
system: Darwin 25.3.0, arm64

[2026-02-28T14:14:22.213] [INFO] [19705] - Sending request 'onInitialize'. []

[2026-02-28T14:14:22.459] [INFO] [19705] - Indexing module 'phone', 1 of total 11 modules []

[2026-02-28T14:14:24.109] [INFO] [19705] - Indexing module 'basic', 2 of total 11 modules []

[2026-02-28T14:14:24.145] [INFO] [19705] - Indexing module 'tools', 3 of total 11 modules []

[2026-02-28T14:14:24.233] [INFO] [19705] - Indexing module 'my', 4 of total 11 modules []

[2026-02-28T14:14:24.266] [INFO] [19705] - Indexing module 'cardservice', 5 of total 11 modules []

[2026-02-28T14:14:24.290] [INFO] [19705] - Indexing module 'card', 6 of total 11 modules []

[2026-02-28T14:14:24.338] [INFO] [19705] - Indexing module 'cards_calendar', 7 of total 11 modules []

[2026-02-28T14:14:24.359] [INFO] [19705] - Indexing module 'cardgeneralcomponent', 8 of total 11 modules []

[2026-02-28T14:14:24.383] [INFO] [19705] - Indexing module 'image_cropper', 9 of total 11 modules []

[2026-02-28T14:14:24.424] [INFO] [19705] - Indexing module 'native_core', 10 of total 11 modules []

[2026-02-28T14:14:24.448] [INFO] [19705] - Indexing module 'hvigorFile', 11 of total 11 modules []

[2026-02-28T14:14:24.554] [INFO] [19705] - Received request 'onInitialize'. executeOnMainThreadForWorker took 0 ms. Current Memory usage: 0.84GB. []

[2026-02-28T14:14:24.554] [INFO] [19705] - sendNotification onModuleInitFinish []

[2026-02-28T14:14:24.555] [INFO] [19705] - lsp is onInitialized []

[2026-02-28T14:14:52.220] [INFO] [19705] - Sending request 'aceProject/onAsyncDidOpen'. []

[2026-02-28T14:14:52.244] [INFO] [19705] - Received request 'aceProject/onAsyncDidOpen'. executeOnMainThreadForWorker took 0 ms. Current Memory usage: 0.84GB. []

[2026-02-28T14:14:52.598] [INFO] [19705] - Received request 'aceProject/onInlayHints'. executeOnMainThreadForWorker took 0 ms. Current Memory usage: 0.84GB. []

[2026-02-28T14:14:52.599] [INFO] [19705] - lsp server sendInlayHints, Index.ets []

[2026-02-28T14:14:52.601] [INFO] [19705] - Received request 'aceProject/doValidateDocument'. executeOnMainThreadForWorker took 1 ms. Current Memory usage: 0.84GB. []

[2026-02-28T14:14:52.601] [INFO] [19705] - lsp server sendDiagnostics by type: ArkTSLintClear, uri: Index.ets, diagnostics: [], memory usage: 0.84GB. []

[2026-02-28T14:14:52.737] [INFO] [19705] - Received request 'aceProject/doValidateDocument'. executeOnMainThreadForWorker took 0 ms. Current Memory usage: 0.84GB. []

[2026-02-28T14:14:52.738] [INFO] [19705] - lsp server sendDiagnostics by type: tsCheck, uri: Index.ets, diagnostics: [
    {
        "message": "'blurRadius' is declared but its value is never read.",
        "severity": 2
    }
], memory usage: 0.84GB. []

[2026-02-28T14:14:52.791] [INFO] [19705] - Received request 'aceProject/doValidateDocument'. executeOnMainThreadForWorker took 0 ms. Current Memory usage: 0.84GB. []

[2026-02-28T14:14:52.791] [INFO] [19705] - lsp server sendDiagnostics by type: etsLint, uri: Index.ets, diagnostics: [], memory usage: 0.84GB. []

[2026-02-28T14:14:52.824] [INFO] [19705] - Received request 'aceProject/doValidateDocument'. executeOnMainThreadForWorker took 0 ms. Current Memory usage: 0.84GB. []

[2026-02-28T14:14:52.824] [INFO] [19705] - lsp server sendDiagnostics by type: ArkTSLint, uri: Index.ets, diagnostics: [], memory usage: 0.84GB. []

[2026-02-28T14:15:02.248] [INFO] [19705] - Sending request 'aceProject/onAsyncDidChange'. []

[2026-02-28T14:15:02.251] [INFO] [19705] - Received request 'aceProject/onAsyncDidChange'. executeOnMainThreadForWorker took 0 ms. Current Memory usage: 0.84GB. []

[2026-02-28T14:15:02.251] [INFO] [19705] - Received request 'aceProject/onAsyncDidChange'. executeOnMainThreadForWorker took 0 ms. Current Memory usage: 0.84GB. []

[2026-02-28T14:15:02.251] [WARN] [19705] - Warning File: Index.ets content diff, server length: 6534, client length: 2 []

[2026-02-28T14:15:17.251] [INFO] [19705] - Sending request 'aceProject/onAsyncDidChange'. []

[2026-02-28T14:15:17.280] [INFO] [19705] - Received request 'aceProject/onAsyncDidChange'. executeOnMainThreadForWorker took 0 ms. Current Memory usage: 0.84GB. []

[2026-02-28T15:16:20.181] [INFO] [30785] - current system: 
cpu: Apple M5
memory: 0.17GB free, 32GB total
system: Darwin 25.3.0, arm64

[2026-02-28T15:16:21.851] [INFO] [30785] - Sending request 'onInitialize'. []

[2026-02-28T15:16:22.109] [INFO] [30785] - Indexing module 'phone', 1 of total 11 modules []

[2026-02-28T15:16:23.754] [INFO] [30785] - Indexing module 'basic', 2 of total 11 modules []

[2026-02-28T15:16:23.797] [INFO] [30785] - Indexing module 'tools', 3 of total 11 modules []

[2026-02-28T15:16:23.885] [INFO] [30785] - Indexing module 'my', 4 of total 11 modules []

[2026-02-28T15:16:23.915] [INFO] [30785] - Indexing module 'cardservice', 5 of total 11 modules []

[2026-02-28T15:16:23.940] [INFO] [30785] - Indexing module 'card', 6 of total 11 modules []

[2026-02-28T15:16:23.974] [INFO] [30785] - Indexing module 'cards_calendar', 7 of total 11 modules []

[2026-02-28T15:16:23.995] [INFO] [30785] - Indexing module 'cardgeneralcomponent', 8 of total 11 modules []

[2026-02-28T15:16:24.020] [INFO] [30785] - Indexing module 'image_cropper', 9 of total 11 modules []

[2026-02-28T15:16:24.062] [INFO] [30785] - Indexing module 'native_core', 10 of total 11 modules []

[2026-02-28T15:16:24.086] [INFO] [30785] - Indexing module 'hvigorFile', 11 of total 11 modules []

[2026-02-28T15:16:24.191] [INFO] [30785] - Received request 'onInitialize'. executeOnMainThreadForWorker took 1 ms. Current Memory usage: 0.84GB. []

[2026-02-28T15:16:24.191] [INFO] [30785] - sendNotification onModuleInitFinish []

[2026-02-28T15:16:24.192] [INFO] [30785] - lsp is onInitialized []

[2026-02-28T15:16:51.858] [INFO] [30785] - Sending request 'aceProject/onAsyncDidOpen'. []

[2026-02-28T15:16:51.882] [INFO] [30785] - Received request 'aceProject/onAsyncDidOpen'. executeOnMainThreadForWorker took 0 ms. Current Memory usage: 0.85GB. []

[2026-02-28T15:16:52.238] [INFO] [30785] - Received request 'aceProject/onInlayHints'. executeOnMainThreadForWorker took 1 ms. Current Memory usage: 0.85GB. []

[2026-02-28T15:16:52.238] [INFO] [30785] - lsp server sendInlayHints, Index.ets []

[2026-02-28T15:16:52.240] [INFO] [30785] - Received request 'aceProject/doValidateDocument'. executeOnMainThreadForWorker took 0 ms. Current Memory usage: 0.85GB. []

[2026-02-28T15:16:52.240] [INFO] [30785] - lsp server sendDiagnostics by type: ArkTSLintClear, uri: Index.ets, diagnostics: [], memory usage: 0.85GB. []

[2026-02-28T15:16:52.320] [INFO] [30785] - Received request 'aceProject/doValidateDocument'. executeOnMainThreadForWorker took 1 ms. Current Memory usage: 0.85GB. []

[2026-02-28T15:16:52.320] [INFO] [30785] - lsp server sendDiagnostics by type: tsCheck, uri: Index.ets, diagnostics: [
    {
        "message": "'blurRadius' is declared but its value is never read.",
        "severity": 2
    }
], memory usage: 0.85GB. []

[2026-02-28T15:16:52.369] [INFO] [30785] - Received request 'aceProject/doValidateDocument'. executeOnMainThreadForWorker took 0 ms. Current Memory usage: 0.85GB. []

[2026-02-28T15:16:52.369] [INFO] [30785] - lsp server sendDiagnostics by type: etsLint, uri: Index.ets, diagnostics: [], memory usage: 0.85GB. []

[2026-02-28T15:16:52.399] [INFO] [30785] - Received request 'aceProject/doValidateDocument'. executeOnMainThreadForWorker took 0 ms. Current Memory usage: 0.85GB. []

[2026-02-28T15:16:52.399] [INFO] [30785] - lsp server sendDiagnostics by type: ArkTSLint, uri: Index.ets, diagnostics: [], memory usage: 0.85GB. []

[2026-02-28T15:17:01.886] [INFO] [30785] - Sending request 'aceProject/onAsyncDidChange'. []

[2026-02-28T15:17:01.903] [INFO] [30785] - Received request 'aceProject/onAsyncDidChange'. executeOnMainThreadForWorker took 0 ms. Current Memory usage: 0.85GB. []

[2026-02-28T15:17:02.254] [INFO] [30785] - Received request 'aceProject/onInlayHints'. executeOnMainThreadForWorker took 0 ms. Current Memory usage: 0.85GB. []

[2026-02-28T15:17:02.254] [INFO] [30785] - lsp server sendInlayHints, Index.ets []

[2026-02-28T15:17:02.255] [INFO] [30785] - Received request 'aceProject/doValidateDocument'. executeOnMainThreadForWorker took 0 ms. Current Memory usage: 0.85GB. []

[2026-02-28T15:17:02.255] [INFO] [30785] - lsp server sendDiagnostics by type: ArkTSLintClear, uri: Index.ets, diagnostics: [], memory usage: 0.85GB. []

[2026-02-28T15:17:02.298] [INFO] [30785] - Received request 'aceProject/doValidateDocument'. executeOnMainThreadForWorker took 0 ms. Current Memory usage: 0.85GB. []

[2026-02-28T15:17:02.298] [INFO] [30785] - lsp server sendDiagnostics by type: tsCheck, uri: Index.ets, diagnostics: [
    {
        "message": "Type 'number' is not assignable to type 'string'.",
        "severity": 1
    },
    {
        "message": "'blurRadius' is declared but its value is never read.",
        "severity": 2
    },
    {
        "message": "'errVar' is declared but its value is never read.",
        "severity": 2
    }
], memory usage: 0.85GB. []

[2026-02-28T15:17:02.325] [INFO] [30785] - Received request 'aceProject/doValidateDocument'. executeOnMainThreadForWorker took 0 ms. Current Memory usage: 0.85GB. []

[2026-02-28T15:17:02.325] [INFO] [30785] - lsp server sendDiagnostics by type: etsLint, uri: Index.ets, diagnostics: [
    {
        "message": "Only UI component syntax can be written here.",
        "severity": 1
    }
], memory usage: 0.85GB. []

[2026-02-28T15:17:02.343] [INFO] [30785] - Received request 'aceProject/doValidateDocument'. executeOnMainThreadForWorker took 0 ms. Current Memory usage: 0.85GB. []

[2026-02-28T15:17:02.343] [INFO] [30785] - lsp server sendDiagnostics by type: ArkTSLint, uri: Index.ets, diagnostics: [], memory usage: 0.85GB. []

